<?xml version="1.0" encoding="UTF-8"?>
<!-- Generated by org.testng.reporters.JUnitReportReporter -->
<testsuite hostname="mohsine" failures="0" tests="2" name="com.expedia.expedia.expidiaNewTest" time="78.259" errors="0" timestamp="2020-12-27T09:55:48 EST" skipped="0">
  <testcase classname="com.expedia.expedia.expidiaNewTest" name="f1" time="38.755"/>
  <system-out/>
  <testcase classname="com.expedia.expedia.expidiaNewTest" name="f1" time="39.504"/>
  <system-out/>
</testsuite> <!-- com.expedia.expedia.expidiaNewTest -->
